INFO:root:AskarTheBest[{'type': 5, 'text0': 'G'}, {'type': 5, 'text0': 'T'}]
INFO:root:AskarTheBest[{'type': 5, 'text0': 'H'}, {'type': 5, 'text0': 'H'}]
ERROR:TeleBot:A request to the Telegram API was unsuccessful. Error code: 403. Description: Forbidden: bot was blocked by the user
ERROR:TeleBot:A request to the Telegram API was unsuccessful. Error code: 403. Description: Forbidden: bot was blocked by the user
INFO:root:AskarTheBest[{'type': 3, 'text0': '√˚„˚', 'text1': 'ÀÓÎ', 'text2': '’˚ı'}, {'type': 1, 'text0': 'ÕÂÚ', 'text1': ' ÛÍÛ'}]
ERROR:TeleBot:A request to the Telegram API was unsuccessful. Error code: 400. Description: Bad Request: can't parse inline keyboard button: Text buttons are unallowed in the inline keyboard
ERROR:TeleBot:A request to the Telegram API was unsuccessful. Error code: 400. Description: Bad Request: can't parse inline keyboard button: Text buttons are unallowed in the inline keyboard
ERROR:TeleBot:A request to the Telegram API was unsuccessful. Error code: 400. Description: Bad Request: can't parse inline keyboard button: Text buttons are unallowed in the inline keyboard
ERROR:TeleBot:A request to the Telegram API was unsuccessful. Error code: 400. Description: Bad Request: can't parse inline keyboard button: Text buttons are unallowed in the inline keyboard
ERROR:TeleBot:A request to the Telegram API was unsuccessful. Error code: 400. Description: Bad Request: can't parse inline keyboard button: Text buttons are unallowed in the inline keyboard
ERROR:TeleBot:A request to the Telegram API was unsuccessful. Error code: 400. Description: Bad Request: can't parse inline keyboard button: Text buttons are unallowed in the inline keyboard
INFO:root:AskarTheBest[{'type': 5, 'text0': '5'}]
INFO:root:AskarTheBest[{'type': 5, 'text0': '√˚„'}]
ERROR:TeleBot:A request to the Telegram API was unsuccessful. Error code: 400. Description: Bad Request: can't parse inline keyboard button: Text buttons are unallowed in the inline keyboard
ERROR:TeleBot:A request to the Telegram API was unsuccessful. Error code: 400. Description: Bad Request: can't parse inline keyboard button: Text buttons are unallowed in the inline keyboard
ERROR:TeleBot:A request to the Telegram API was unsuccessful. Error code: 400. Description: Bad Request: can't parse inline keyboard button: Text buttons are unallowed in the inline keyboard
ERROR:TeleBot:A request to the Telegram API was unsuccessful. Error code: 400. Description: Bad Request: can't parse inline keyboard button: Text buttons are unallowed in the inline keyboard
INFO:root:AskarTheBest[{'type': 5, 'text0': '√˚„'}]
ERROR:TeleBot:A request to the Telegram API was unsuccessful. Error code: 400. Description: Bad Request: can't parse inline keyboard button: Text buttons are unallowed in the inline keyboard
ERROR:TeleBot:A request to the Telegram API was unsuccessful. Error code: 400. Description: Bad Request: can't parse inline keyboard button: Text buttons are unallowed in the inline keyboard
ERROR:TeleBot:A request to the Telegram API was unsuccessful. Error code: 400. Description: Bad Request: can't parse inline keyboard button: Text buttons are unallowed in the inline keyboard
ERROR:TeleBot:A request to the Telegram API was unsuccessful. Error code: 400. Description: Bad Request: can't parse inline keyboard button: Text buttons are unallowed in the inline keyboard
ERROR:TeleBot:A request to the Telegram API was unsuccessful. Error code: 400. Description: Bad Request: can't parse inline keyboard button: Text buttons are unallowed in the inline keyboard
ERROR:TeleBot:A request to the Telegram API was unsuccessful. Error code: 400. Description: Bad Request: parameter "media" is required
ERROR:TeleBot:A request to the Telegram API was unsuccessful. Error code: 400. Description: Bad Request: parameter "media" is required
ERROR:TeleBot:A request to the Telegram API was unsuccessful. Error code: 400. Description: Bad Request: wrong HTTP URL specified
ERROR:TeleBot:A request to the Telegram API was unsuccessful. Error code: 400. Description: Bad Request: strings must be encoded in UTF-8
ERROR:TeleBot:A request to the Telegram API was unsuccessful. Error code: 400. Description: Bad Request: wrong HTTP URL specified
ERROR:TeleBot:A request to the Telegram API was unsuccessful. Error code: 400. Description: Bad Request: parameter "media" is required
ERROR:TeleBot:A request to the Telegram API was unsuccessful. Error code: 400. Description: Bad Request: wrong HTTP URL specified
ERROR:TeleBot:A request to the Telegram API was unsuccessful. Error code: 400. Description: Bad Request: failed to get HTTP URL content
ERROR:TeleBot:A request to the Telegram API was unsuccessful. Error code: 400. Description: Bad Request: invalid file HTTP URL specified: URL host is empty
ERROR:TeleBot:A request to the Telegram API was unsuccessful. Error code: 400. Description: Bad Request: wrong HTTP URL specified
ERROR:TeleBot:A request to the Telegram API was unsuccessful. Error code: 400. Description: Bad Request: wrong HTTP URL specified
ERROR:TeleBot:A request to the Telegram API was unsuccessful. Error code: 400. Description: Bad Request: wrong HTTP URL specified
ERROR:TeleBot:A request to the Telegram API was unsuccessful. Error code: 400. Description: Bad Request: wrong HTTP URL specified
ERROR:TeleBot:A request to the Telegram API was unsuccessful. Error code: 400. Description: Bad Request: can't parse inline keyboard button: Text buttons are unallowed in the inline keyboard
ERROR:TeleBot:A request to the Telegram API was unsuccessful. Error code: 400. Description: Bad Request: can't parse inline keyboard button: Text buttons are unallowed in the inline keyboard
ERROR:TeleBot:A request to the Telegram API was unsuccessful. Error code: 400. Description: Bad Request: can't parse inline keyboard button: Text buttons are unallowed in the inline keyboard
ERROR:TeleBot:A request to the Telegram API was unsuccessful. Error code: 400. Description: Bad Request: can't parse inline keyboard button: Text buttons are unallowed in the inline keyboard
INFO:root:AskarTheBest[{'type': 1, 'text0': 'Hdjdjd', 'text1': '¬ı‡ıı‡'}]
INFO:root:AskarTheBest[{'type': 1, 'text0': 'À‚Î‚‚Î', 'text1': '¬‰‚‰‰‚'}]
ERROR:TeleBot:A request to the Telegram API was unsuccessful. Error code: 400. Description: Bad Request: message is not modified: specified new message content and reply markup are exactly the same as a current content and reply markup of the message
ERROR:TeleBot:A request to the Telegram API was unsuccessful. Error code: 400. Description: Bad Request: message is not modified: specified new message content and reply markup are exactly the same as a current content and reply markup of the message
INFO:root:AskarTheBest[{'type': 1, 'text0': '¿Î‡Î‡Î', 'text1': '’‡ı‡‡ı‡ı'}]
INFO:root:AskarTheBest[{'type': 5, 'text0': '√˚„'}]
ERROR:TeleBot:A request to the Telegram API was unsuccessful. Error code: 400. Description: Bad Request: message identifier is not specified
ERROR:TeleBot:A request to the Telegram API was unsuccessful. Error code: 400. Description: Bad Request: query is too old and response timeout expired or query ID is invalid
ERROR:TeleBot:A request to the Telegram API was unsuccessful. Error code: 400. Description: Bad Request: query is too old and response timeout expired or query ID is invalid
ERROR:TeleBot:A request to the Telegram API was unsuccessful. Error code: 403. Description: Forbidden: bot was blocked by the user
INFO:root:AskarTheBest[{'type': 0, 'text0': 'Jdjxj', 'text1': 'Pspsps'}]
INFO:root:AskarTheBest[{'type': 0, 'text0': 'Hdjd', 'text1': 'Pddppd'}]
INFO:root:AskarTheBest[{'type': 0, 'text0': 'Hdjxnd', 'text1': 'Dpdppf'}]
INFO:root:AskarTheBest[{'type': 4, 'text0': 'Hdjdbdn', 'text1': 'Ptotpfpf', 'text2': 'Yxyzyzyz', 'text3': 'Nfnfnfn', 'text4': 'Xuxuuxjxjx'}]
INFO:root:AskarTheBest[{'type': 1, 'text0': '¬Î‚ÎÎ‚', 'text1': '’‡‡ı‡ı‡ı'}]
